<?xml version="1.0" encoding="UTF-8"?>
<testng-results ignored="0" total="1" passed="1" failed="0" skipped="0">
  <reporter-output>
  </reporter-output>
  <suite started-at="2024-03-13T22:03:51 IST" name="Default suite" finished-at="2024-03-13T22:04:19 IST" duration-ms="27314">
    <groups>
    </groups>
    <test started-at="2024-03-13T22:03:51 IST" name="Default test" finished-at="2024-03-13T22:04:19 IST" duration-ms="27314">
      <class name="extrawork.Travelkochidropdown">
        <test-method is-config="true" signature="setdriver()[pri:0, instance:extrawork.Travelkochidropdown@36902638]" started-at="2024-03-13T22:03:52 IST" name="setdriver" finished-at="2024-03-13T22:04:10 IST" duration-ms="18845" status="PASS">
          <reporter-output>
          </reporter-output>
        </test-method> <!-- setdriver -->
        <test-method is-config="true" signature="loadsite()[pri:0, instance:extrawork.Travelkochidropdown@36902638]" started-at="2024-03-13T22:04:10 IST" name="loadsite" finished-at="2024-03-13T22:04:18 IST" duration-ms="7812" status="PASS">
          <reporter-output>
          </reporter-output>
        </test-method> <!-- loadsite -->
        <test-method signature="travelkochi()[pri:0, instance:extrawork.Travelkochidropdown@36902638]" started-at="2024-03-13T22:04:18 IST" name="travelkochi" finished-at="2024-03-13T22:04:19 IST" duration-ms="441" status="PASS">
          <reporter-output>
          </reporter-output>
        </test-method> <!-- travelkochi -->
      </class> <!-- extrawork.Travelkochidropdown -->
    </test> <!-- Default test -->
  </suite> <!-- Default suite -->
</testng-results>
